[2026-01-19T15:14:30.467] [INFO] info - GET / - 681ms
[2026-01-19T15:14:34.752] [INFO] info - GET / - 13ms
[2026-01-19T17:30:54.055] [INFO] info - ***数据库连接成功***
[2026-01-19T17:30:56.981] [INFO] info - ***数据库连接成功***
[2026-01-19T17:31:05.026] [INFO] info - ***数据库连接成功***
[2026-01-19T17:31:52.925] [INFO] info - ***数据库连接成功***
[2026-01-19T17:32:12.259] [INFO] info - ***数据库连接成功***
[2026-01-19T17:32:18.379] [INFO] info - ***数据库连接成功***
[2026-01-19T17:32:35.472] [INFO] info - ***数据库连接成功***
[2026-01-19T17:44:07.615] [INFO] info - ***数据库连接成功***
[2026-01-19T17:46:15.792] [INFO] info - ***数据库连接成功***
[2026-01-19T17:49:03.823] [INFO] info - ***数据库连接成功***
[2026-01-19T17:50:28.083] [INFO] info - ***数据库连接成功***
[2026-01-19T17:50:40.394] [INFO] info - POST /api/users/login - 9ms
[2026-01-19T18:16:51.153] [INFO] info - ***数据库连接成功***
[2026-01-19T18:17:03.632] [INFO] info - ***数据库连接成功***
[2026-01-19T18:17:11.821] [INFO] info - POST /api/users/login - 12ms
[2026-01-19T18:18:14.751] [INFO] info - POST /api/users/login - 3ms
[2026-01-19T18:18:18.984] [INFO] info - POST /api/users/login - 3ms
[2026-01-19T18:18:52.473] [INFO] info - POST /api/users/login - 2ms
[2026-01-19T18:20:37.234] [INFO] info - POST /api/users/login - 2ms
[2026-01-19T18:21:09.393] [INFO] info - POST /api/users/login - 2ms
[2026-01-19T18:22:31.708] [INFO] info - POST /api/users/login - 3ms
[2026-01-19T18:26:22.251] [INFO] info - POST /api/users/login - 3ms
[2026-01-19T18:29:16.531] [INFO] info - ***数据库连接成功***
[2026-01-19T18:29:42.448] [INFO] info - POST /users/login - 13ms
[2026-01-19T18:34:15.150] [INFO] info - POST /users/login - 9ms
[2026-01-19T18:34:32.198] [INFO] info - POST /users/login - 3ms
[2026-01-19T18:38:10.073] [INFO] info - ***数据库连接成功***
[2026-01-19T18:38:25.419] [INFO] info - get params: {}
[2026-01-19T18:38:25.420] [INFO] info - post params: {"userName":"admin","userPwd":"123456"}
[2026-01-19T18:38:25.437] [INFO] info - POST /users/login - 16ms
[2026-01-19T18:44:31.887] [INFO] info - ***数据库连接成功***
[2026-01-19T18:44:55.598] [INFO] info - get params: {}
[2026-01-19T18:44:55.599] [INFO] info - post params: {"userName":"11","userPwd":"11"}
[2026-01-19T18:44:55.609] [INFO] info - POST /users/login - 10ms
[2026-01-19T18:45:03.409] [INFO] info - get params: {}
[2026-01-19T18:45:03.409] [INFO] info - post params: {"userName":"admin","userPwd":"admin"}
[2026-01-19T18:45:03.413] [INFO] info - POST /users/login - 3ms
[2026-01-19T18:45:07.010] [INFO] info - get params: {}
[2026-01-19T18:45:07.011] [INFO] info - post params: {"userName":"admin","userPwd":"123456"}
[2026-01-19T18:45:07.020] [INFO] info - POST /users/login - 8ms
[2026-01-19T18:45:50.287] [INFO] info - get params: {}
[2026-01-19T18:45:50.287] [INFO] info - post params: {"userName":"1","userPwd":"1"}
[2026-01-19T18:45:50.290] [INFO] info - POST /users/login - 3ms
[2026-01-19T18:45:58.446] [INFO] info - get params: {}
[2026-01-19T18:45:58.446] [INFO] info - post params: {"userName":"admin","userPwd":"admin"}
[2026-01-19T18:45:58.450] [INFO] info - POST /users/login - 4ms
[2026-01-19T18:46:10.820] [INFO] info - get params: {}
[2026-01-19T18:46:10.821] [INFO] info - post params: {"userName":"user","userPwd":"user"}
[2026-01-19T18:46:10.824] [INFO] info - POST /users/login - 3ms
[2026-01-19T21:36:10.164] [INFO] info - get params: {}
[2026-01-19T21:36:10.165] [INFO] info - post params: {"userName":"11","userPwd":"11"}
[2026-01-19T21:36:10.169] [INFO] info - POST /users/login - 4ms
[2026-01-19T21:36:21.229] [INFO] info - get params: {}
[2026-01-19T21:36:21.229] [INFO] info - post params: {"userName":"user","userPwd":"user"}
[2026-01-19T21:36:21.233] [INFO] info - POST /users/login - 4ms
[2026-01-19T21:38:11.292] [INFO] info - get params: {}
[2026-01-19T21:38:11.293] [INFO] info - post params: {"userName":"user","userPwd":"user"}
[2026-01-19T21:38:11.297] [INFO] info - POST /users/login - 4ms
[2026-01-19T21:38:21.973] [INFO] info - get params: {}
[2026-01-19T21:38:21.973] [INFO] info - post params: {"userName":"admin","userPwd":"admin"}
[2026-01-19T21:38:21.977] [INFO] info - POST /users/login - 3ms
[2026-01-19T21:39:16.064] [INFO] info - get params: {}
[2026-01-19T21:39:16.064] [INFO] info - post params: {"userName":"user","userPwd":"user"}
[2026-01-19T21:39:16.068] [INFO] info - POST /users/login - 3ms
[2026-01-19T22:02:07.038] [INFO] info - get params: {}
[2026-01-19T22:02:07.038] [INFO] info - post params: {}
[2026-01-19T22:02:07.038] [INFO] info - GET /leave/count - 0ms
[2026-01-19T22:02:24.442] [INFO] info - get params: {}
[2026-01-19T22:02:24.442] [INFO] info - post params: {}
[2026-01-19T22:02:24.442] [INFO] info - GET /leave/count - 0ms
[2026-01-19T22:08:34.230] [INFO] info - get params: {}
[2026-01-19T22:08:34.230] [INFO] info - post params: {}
[2026-01-19T22:08:34.231] [INFO] info - GET /leave/count - 0ms
[2026-01-19T22:09:41.157] [INFO] info - get params: {}
[2026-01-19T22:09:41.157] [INFO] info - post params: {}
[2026-01-19T22:09:41.158] [INFO] info - GET /leave/count - 0ms
[2026-01-19T22:09:53.854] [INFO] info - get params: {}
[2026-01-19T22:09:53.854] [INFO] info - post params: {}
[2026-01-19T22:09:53.855] [INFO] info - GET /leave/count - 0ms
[2026-01-20T08:56:29.290] [INFO] info - ***数据库连接成功***
[2026-01-20T08:57:07.671] [INFO] info - get params: {}
[2026-01-20T08:57:07.672] [INFO] info - post params: {"userName":"admin","userPwd":"admin"}
[2026-01-20T08:57:07.701] [INFO] info - POST /users/login - 29ms
[2026-01-20T09:08:42.404] [INFO] info - ***数据库连接成功***
[2026-01-20T14:54:52.668] [INFO] info - ***数据库连接成功***
[2026-01-20T14:55:51.966] [INFO] info - get params: {}
[2026-01-20T14:55:51.966] [INFO] info - post params: {"userName":"11","userPwd":"11"}
[2026-01-20T14:55:51.986] [INFO] info - POST /users/login - 19ms
[2026-01-20T14:56:05.949] [INFO] info - get params: {}
[2026-01-20T14:56:05.950] [INFO] info - post params: {"userName":"admin","userPwd":"admin"}
[2026-01-20T14:56:05.961] [INFO] info - POST /users/login - 11ms
[2026-01-20T14:56:29.479] [INFO] info - get params: {}
[2026-01-20T14:56:29.479] [INFO] info - post params: {}
[2026-01-20T14:56:29.479] [INFO] info - GET /leave/count - 0ms
[2026-01-20T14:56:29.480] [INFO] info - get params: {}
[2026-01-20T14:56:29.480] [INFO] info - post params: {}
[2026-01-20T14:56:29.481] [INFO] info - GET /menu/list - 0ms
[2026-01-20T14:56:32.135] [INFO] info - get params: {}
[2026-01-20T14:56:32.135] [INFO] info - post params: {}
[2026-01-20T14:56:32.136] [INFO] info - GET /menu/list - 0ms
[2026-01-20T14:56:32.137] [INFO] info - get params: {}
[2026-01-20T14:56:32.137] [INFO] info - post params: {}
[2026-01-20T14:56:32.137] [INFO] info - GET /leave/count - 0ms
[2026-01-20T14:57:16.736] [INFO] info - get params: {}
[2026-01-20T14:57:16.737] [INFO] info - post params: {"userName":"user","userPwd":"user"}
[2026-01-20T14:57:16.741] [INFO] info - POST /users/login - 4ms
[2026-01-20T14:57:16.811] [INFO] info - get params: {}
[2026-01-20T14:57:16.812] [INFO] info - post params: {}
[2026-01-20T14:57:16.813] [INFO] info - GET /menu/list - 0ms
[2026-01-20T14:57:16.814] [INFO] info - get params: {}
[2026-01-20T14:57:16.814] [INFO] info - post params: {}
[2026-01-20T14:57:16.814] [INFO] info - GET /leave/count - 0ms
[2026-01-20T14:59:02.395] [INFO] info - ***数据库连接成功***
[2026-01-20T14:59:07.105] [INFO] info - get params: {}
[2026-01-20T14:59:07.105] [INFO] info - post params: {}
[2026-01-20T14:59:07.107] [INFO] info - GET /leave/count - 1ms
[2026-01-20T14:59:07.110] [INFO] info - get params: {}
[2026-01-20T14:59:07.111] [INFO] info - post params: {}
[2026-01-20T14:59:07.112] [INFO] info - GET /menu/list - 1ms
[2026-01-20T14:59:57.345] [INFO] info - ***数据库连接成功***
[2026-01-20T15:02:33.464] [INFO] info - get params: {}
[2026-01-20T15:02:33.465] [INFO] info - post params: {}
[2026-01-20T15:02:33.466] [INFO] info - GET /leave/count - 1ms
[2026-01-20T15:02:33.470] [INFO] info - get params: {}
[2026-01-20T15:02:33.470] [INFO] info - post params: {}
[2026-01-20T15:02:33.470] [INFO] info - GET /menu/list - 0ms
[2026-01-20T15:02:47.576] [INFO] info - get params: {}
[2026-01-20T15:02:47.577] [INFO] info - post params: {}
[2026-01-20T15:02:47.577] [INFO] info - GET /leave/count - 0ms
[2026-01-20T15:02:47.578] [INFO] info - get params: {}
[2026-01-20T15:02:47.579] [INFO] info - post params: {}
[2026-01-20T15:02:47.579] [INFO] info - GET /menu/list - 0ms
[2026-01-20T15:05:30.016] [INFO] info - ***数据库连接成功***
[2026-01-20T15:05:59.319] [INFO] info - ***数据库连接成功***
[2026-01-20T15:07:38.531] [INFO] info - get params: {}
[2026-01-20T15:07:38.532] [INFO] info - post params: {"userName":"admin","userPwd":"admin"}
[2026-01-20T15:07:38.547] [INFO] info - POST /users/login - 14ms
[2026-01-20T15:07:38.596] [INFO] info - get params: {}
[2026-01-20T15:07:38.597] [INFO] info - post params: {}
[2026-01-20T15:07:38.599] [INFO] info - get params: {}
[2026-01-20T15:07:38.600] [INFO] info - post params: {}
[2026-01-20T15:07:38.600] [INFO] info - GET /menu/list - 0ms
[2026-01-20T15:07:50.888] [INFO] info - get params: {}
[2026-01-20T15:07:50.888] [INFO] info - post params: {}
[2026-01-20T15:07:50.888] [INFO] info - GET /menu/list - 0ms
[2026-01-20T15:07:50.889] [INFO] info - get params: {}
[2026-01-20T15:07:50.890] [INFO] info - post params: {}
[2026-01-20T15:09:21.771] [INFO] info - get params: {}
[2026-01-20T15:09:21.772] [INFO] info - post params: {}
[2026-01-20T15:10:22.882] [INFO] info - ***数据库连接成功***
[2026-01-20T15:11:22.452] [INFO] info - get params: {}
[2026-01-20T15:11:22.453] [INFO] info - post params: {"userName":"admin","userPwd":"admin"}
[2026-01-20T15:11:22.467] [INFO] info - POST /users/login - 14ms
[2026-01-20T15:11:22.520] [INFO] info - get params: {}
[2026-01-20T15:11:22.521] [INFO] info - post params: {}
[2026-01-20T15:11:22.521] [INFO] info - GET /menu/list - 0ms
[2026-01-20T15:11:22.523] [INFO] info - get params: {}
[2026-01-20T15:11:22.523] [INFO] info - post params: {}
[2026-01-20T15:12:16.396] [INFO] info - get params: {}
[2026-01-20T15:12:16.397] [INFO] info - post params: {}
[2026-01-20T15:12:16.398] [INFO] info - GET /menu/list - 0ms
[2026-01-20T15:12:16.398] [INFO] info - get params: {}
[2026-01-20T15:12:16.399] [INFO] info - post params: {}
[2026-01-20T15:12:16.400] [INFO] info - GET /leave/count - 1ms
[2026-01-20T15:15:42.076] [INFO] info - ***数据库连接成功***
[2026-01-20T15:17:13.796] [INFO] info - ***数据库连接成功***
[2026-01-20T15:17:23.923] [INFO] info - get params: {}
[2026-01-20T15:17:23.923] [INFO] info - post params: {}
[2026-01-20T15:17:23.931] [INFO] info - get params: {}
[2026-01-20T15:17:23.932] [INFO] info - post params: {}
[2026-01-20T15:18:28.976] [INFO] info - ***数据库连接成功***
[2026-01-20T15:18:32.378] [INFO] info - get params: {}
[2026-01-20T15:18:32.378] [INFO] info - post params: {}
[2026-01-20T15:18:32.386] [INFO] info - get params: {}
[2026-01-20T15:18:32.386] [INFO] info - post params: {}
[2026-01-20T15:20:39.980] [INFO] info - ***数据库连接成功***
[2026-01-20T15:23:32.330] [INFO] info - ***数据库连接成功***
[2026-01-20T15:26:32.173] [INFO] info - get params: {}
[2026-01-20T15:26:32.174] [INFO] info - post params: {"userName":"1","userPwd":"1"}
[2026-01-20T15:26:39.594] [INFO] info - get params: {}
[2026-01-20T15:26:39.594] [INFO] info - post params: {"userName":"admin","userPwd":"admin"}
[2026-01-20T15:27:56.734] [INFO] info - ***数据库连接成功***
[2026-01-20T15:27:57.826] [INFO] info - ***数据库连接成功***
[2026-01-20T15:28:05.550] [INFO] info - ***数据库连接成功***
[2026-01-20T15:28:11.230] [INFO] info - ***数据库连接成功***
[2026-01-20T15:29:35.202] [INFO] info - get params: {}
[2026-01-20T15:29:35.202] [INFO] info - post params: {"userName":"admin","userPwd":"admin"}
[2026-01-20T15:29:35.344] [INFO] info - get params: {}
[2026-01-20T15:29:35.345] [INFO] info - post params: {}
[2026-01-20T15:29:35.352] [INFO] info - get params: {}
[2026-01-20T15:29:35.352] [INFO] info - post params: {}
