[2026-01-21T14:40:17.536] [ERROR] error - 错误信息: Cannot convert object to primitive value
错误堆栈: TypeError: Cannot convert object to primitive value
    at Object.pager (D:\myproject\EmpManage\manager-server\utils\util.js:14:23)
    at D:\myproject\EmpManage\manager-server\routes\users.js:26:37
    at dispatch (D:\myproject\EmpManage\manager-server\node_modules\koa-compose\index.js:44:32)
    at next (D:\myproject\EmpManage\manager-server\node_modules\koa-compose\index.js:45:18)
    at D:\myproject\EmpManage\manager-server\node_modules\koa-router\lib\router.js:346:16
    at dispatch (D:\myproject\EmpManage\manager-server\node_modules\koa-compose\index.js:44:32)
    at D:\myproject\EmpManage\manager-server\node_modules\koa-compose\index.js:36:12
    at dispatch (D:\myproject\EmpManage\manager-server\node_modules\koa-router\lib\router.js:351:31)
    at dispatch (D:\myproject\EmpManage\manager-server\node_modules\koa\node_modules\koa-compose\index.js:42:32)
    at jwt (D:\myproject\EmpManage\manager-server\node_modules\koa-jwt\lib\index.js:73:16)
    at async D:\myproject\EmpManage\manager-server\app.js:34:3
    at async serve (D:\myproject\EmpManage\manager-server\node_modules\koa-static\index.js:53:9)
    at async bodyParser (D:\myproject\EmpManage\manager-server\node_modules\koa-bodyparser\index.js:78:5)
[2026-01-21T14:42:12.636] [ERROR] error - 错误信息: Cannot convert object to primitive value
错误堆栈: TypeError: Cannot convert object to primitive value
    at Object.pager (D:\myproject\EmpManage\manager-server\utils\util.js:14:23)
    at D:\myproject\EmpManage\manager-server\routes\users.js:26:37
    at dispatch (D:\myproject\EmpManage\manager-server\node_modules\koa-compose\index.js:44:32)
    at next (D:\myproject\EmpManage\manager-server\node_modules\koa-compose\index.js:45:18)
    at D:\myproject\EmpManage\manager-server\node_modules\koa-router\lib\router.js:346:16
    at dispatch (D:\myproject\EmpManage\manager-server\node_modules\koa-compose\index.js:44:32)
    at D:\myproject\EmpManage\manager-server\node_modules\koa-compose\index.js:36:12
    at dispatch (D:\myproject\EmpManage\manager-server\node_modules\koa-router\lib\router.js:351:31)
    at dispatch (D:\myproject\EmpManage\manager-server\node_modules\koa\node_modules\koa-compose\index.js:42:32)
    at jwt (D:\myproject\EmpManage\manager-server\node_modules\koa-jwt\lib\index.js:73:16)
    at async D:\myproject\EmpManage\manager-server\app.js:34:3
    at async serve (D:\myproject\EmpManage\manager-server\node_modules\koa-static\index.js:53:9)
    at async bodyParser (D:\myproject\EmpManage\manager-server\node_modules\koa-bodyparser\index.js:78:5)
